<?xml version="1.0" encoding="UTF-8"?>
<testsuite name="ie.dublin.ppb.betgame.util.output.ConsolePrinter_test" tests="2" skipped="0" failures="0" errors="0" timestamp="2017-10-23T19:49:29" hostname="LIUs-MacBook-Air.local" time="0.017">
  <properties/>
  <testcase name="shouldPrintCorrectRowsOfData_whenConsolePrintTheReport" classname="ie.dublin.ppb.betgame.util.output.ConsolePrinter_test" time="0.009"/>
  <testcase name="returnZero_whenConsolePrintAnEmptyGroups" classname="ie.dublin.ppb.betgame.util.output.ConsolePrinter_test" time="0.007"/>
  <system-out><![CDATA[2017-10-23 20:49:29 | INFO  | [Test worker] i.d.p.b.u.i.TextFileReader:65 - Column number is 7
SelectionName, No of bets, Total Stack, Total Payout
Selection-2,	8,		€28.98,	€183.86
Selection-4,	6,		€28.55,	€179.19
Selection-1,	4,		€24.83,	€161.81
Selection-3,	6,		€25.54,	€139.12
Currency, No of bets, Total Stack, Total Payout
GBP,	13,		£61.1,	£364.1
EUR,	11,		€38.25,	€248.9
SelectionName, Currency, No of bets, Total Stack, Total Payout
Selection-1,	GBP,	3,		£18.8,	£122.55
Selection-2,	EUR,	6,		€21.0,	€138.15
Selection-3,	GBP,	4,		£19.6,	£109.4
Selection-4,	GBP,	4,		£15.7,	£92.05
Selection-4,	EUR,	2,		€10.65,	€74.25
Selection-2,	GBP,	2,		£7.0,	£40.1
Selection-1,	EUR,	1,		€3.4,	€22.1
Selection-3,	EUR,	2,		€3.2,	€14.4
SelectionName, Currency, Price, No of bets, Total Stack, Total Payout
Selection-4,	GBP,	6.5,	3,		£10.7,	£69.55
Selection-1,	GBP,	7.3,	1,		£10.5,	£76.65
Selection-3,	GBP,	5.5,	2,		£9.5,	£52.25
Selection-1,	GBP,	5.5,	1,		£7.8,	£42.9
Selection-2,	EUR,	7.0,	2,		€8.65,	€60.55
Selection-4,	EUR,	7.5,	1,		€8.4,	€63.0
Selection-3,	GBP,	6.5,	1,		£6.7,	£43.55
Selection-4,	GBP,	4.5,	1,		£5.0,	£22.5
Selection-2,	EUR,	6.5,	1,		€5.4,	€35.1
Selection-2,	GBP,	5.5,	1,		£3.8,	£20.9
Selection-2,	EUR,	5.0,	1,		€4.2,	€21.0
Selection-3,	GBP,	4.0,	1,		£3.4,	£13.6
Selection-2,	GBP,	6.0,	1,		£3.2,	£19.2
Selection-1,	EUR,	6.5,	1,		€3.4,	€22.1
Selection-3,	EUR,	4.5,	2,		€3.2,	€14.4
Selection-4,	EUR,	5.0,	1,		€2.25,	€11.25
Selection-2,	EUR,	11.0,	1,		€1.5,	€16.5
Selection-2,	EUR,	4.0,	1,		€1.25,	€5.0
Selection-1,	GBP,	6.0,	1,		£0.5,	£3.0
2017-10-23 20:49:29 | WARN  | [Test worker] i.d.p.b.s.MyAnalyst:72 - The grouped data is empty
2017-10-23 20:49:29 | WARN  | [Test worker] i.d.p.b.u.o.ConsolePrinter:42 - The print result is empty
The print result is empty
2017-10-23 20:49:29 | WARN  | [Test worker] i.d.p.b.s.MyAnalyst:72 - The grouped data is empty
2017-10-23 20:49:29 | WARN  | [Test worker] i.d.p.b.u.o.ConsolePrinter:42 - The print result is empty
The print result is empty
2017-10-23 20:49:29 | WARN  | [Test worker] i.d.p.b.s.MyAnalyst:72 - The grouped data is empty
2017-10-23 20:49:29 | WARN  | [Test worker] i.d.p.b.u.o.ConsolePrinter:42 - The print result is empty
The print result is empty
2017-10-23 20:49:29 | WARN  | [Test worker] i.d.p.b.s.MyAnalyst:72 - The grouped data is empty
2017-10-23 20:49:29 | WARN  | [Test worker] i.d.p.b.u.o.ConsolePrinter:42 - The print result is empty
The print result is empty
2017-10-23 20:49:29 | WARN  | [Test worker] i.d.p.b.s.MyAnalyst:72 - The grouped data is empty
2017-10-23 20:49:29 | WARN  | [Test worker] i.d.p.b.u.o.ConsolePrinter:42 - The print result is empty
The print result is empty
2017-10-23 20:49:29 | WARN  | [Test worker] i.d.p.b.s.MyAnalyst:72 - The grouped data is empty
2017-10-23 20:49:29 | WARN  | [Test worker] i.d.p.b.u.o.ConsolePrinter:42 - The print result is empty
The print result is empty
]]></system-out>
  <system-err><![CDATA[]]></system-err>
</testsuite>
