<?xml version="1.0" encoding="UTF-8"?>
<testsuite name="ie.dublin.ppb.betgame.util.output.XmlFileCreater_test" tests="1" skipped="0" failures="0" errors="0" timestamp="2017-10-23T19:49:29" hostname="LIUs-MacBook-Air.local" time="0.0">
  <properties/>
  <testcase name="test" classname="ie.dublin.ppb.betgame.util.output.XmlFileCreater_test" time="0.0"/>
  <system-out><![CDATA[]]></system-out>
  <system-err><![CDATA[]]></system-err>
</testsuite>
